<?xml version="1.0" encoding="UTF-8"?>
<!-- Generated by org.testng.reporters.JUnitXMLReporter -->
<testsuite hostname="DESKTOP-6TIT92L" name="erp test" tests="6" failures="0" timestamp="20 Apr 2020 22:44:49 GMT" time="448.709" errors="0">
  <testcase name="contactwork" time="24.661" classname="com.erpassignment.testcase.ContactTestCases"/>
  <testcase name="contactwork" time="57.89" classname="com.erpassignment.testcase.CompanyTestCases"/>
  <testcase name="DealPageWork" time="12.935" classname="com.erpassignment.testcase.DealsTestCases"/>
  <testcase name="DealPageWork" time="12.741" classname="com.erpassignment.testcase.TaskTestCases"/>
  <testcase name="addCases" time="53.374" classname="com.erpassignment.testcase.CasePageTestCse"/>
  <testcase name="callPageWork" time="43.896" classname="com.erpassignment.testcase.CAllTestCases"/>
</testsuite> <!-- erp test -->
